{"C:\\Users\\Ervhyne\\Documents\\VS PROJECTS\\Text-Adventure\\backend\\src\\index.ts": {"path":"C:\\Users\\Ervhyne\\Documents\\VS PROJECTS\\Text-Adventure\\backend\\src\\index.ts","statementMap":{"0":{"start":{"line":1,"column":0},"end":{"line":1,"column":23}},"1":{"start":{"line":2,"column":0},"end":{"line":2,"column":24}},"2":{"start":{"line":3,"column":0},"end":{"line":3,"column":43}},"3":{"start":{"line":4,"column":0},"end":{"line":4,"column":45}},"4":{"start":{"line":5,"column":0},"end":{"line":5,"column":53}},"5":{"start":{"line":6,"column":0},"end":{"line":6,"column":44}},"6":{"start":{"line":7,"column":0},"end":{"line":7,"column":38}},"7":{"start":{"line":9,"column":0},"end":{"line":9,"column":42}},"8":{"start":{"line":10,"column":0},"end":{"line":10,"column":31}},"9":{"start":{"line":11,"column":0},"end":{"line":11,"column":37}},"10":{"start":{"line":12,"column":0},"end":{"line":12,"column":60}},"11":{"start":{"line":13,"column":0},"end":{"line":13,"column":63}},"12":{"start":{"line":14,"column":0},"end":{"line":14,"column":32}},"13":{"start":{"line":16,"column":12},"end":{"line":16,"column":21}},"14":{"start":{"line":18,"column":0},"end":{"line":18,"column":27}},"15":{"start":{"line":19,"column":0},"end":{"line":19,"column":88}},"16":{"start":{"line":20,"column":0},"end":{"line":20,"column":31}},"17":{"start":{"line":21,"column":0},"end":{"line":21,"column":28}},"18":{"start":{"line":22,"column":0},"end":{"line":22,"column":24}},"19":{"start":{"line":23,"column":0},"end":{"line":23,"column":48}},"20":{"start":{"line":25,"column":0},"end":{"line":25,"column":24}},"21":{"start":{"line":26,"column":0},"end":{"line":26,"column":33}},"22":{"start":{"line":29,"column":0},"end":{"line":29,"column":51}},"23":{"start":{"line":30,"column":0},"end":{"line":30,"column":45}},"24":{"start":{"line":32,"column":20},"end":{"line":32,"column":43}},"25":{"start":{"line":34,"column":0},"end":{"line":36,"column":3}},"26":{"start":{"line":35,"column":2},"end":{"line":35,"column":27}},"27":{"start":{"line":38,"column":0},"end":{"line":40,"column":2}},"28":{"start":{"line":42,"column":0},"end":{"line":60,"column":2}},"29":{"start":{"line":45,"column":4},"end":{"line":58,"column":5}},"30":{"start":{"line":47,"column":19},"end":{"line":47,"column":34}},"31":{"start":{"line":48,"column":23},"end":{"line":48,"column":65}},"32":{"start":{"line":51,"column":20},"end":{"line":51,"column":84}},"33":{"start":{"line":52,"column":6},"end":{"line":52,"column":53}},"34":{"start":{"line":55,"column":6},"end":{"line":55,"column":87}},"35":{"start":{"line":57,"column":6},"end":{"line":57,"column":52}},"36":{"start":{"line":62,"column":0},"end":{"line":84,"column":3}},"37":{"start":{"line":64,"column":2},"end":{"line":68,"column":5}},"38":{"start":{"line":71,"column":2},"end":{"line":77,"column":3}},"39":{"start":{"line":72,"column":4},"end":{"line":76,"column":7}},"40":{"start":{"line":73,"column":6},"end":{"line":75,"column":7}},"41":{"start":{"line":74,"column":8},"end":{"line":74,"column":57}},"42":{"start":{"line":80,"column":2},"end":{"line":83,"column":5}},"43":{"start":{"line":86,"column":0},"end":{"line":88,"column":3}},"44":{"start":{"line":87,"column":2},"end":{"line":87,"column":40}},"45":{"start":{"line":90,"column":0},"end":{"line":99,"column":2}},"46":{"start":{"line":92,"column":25},"end":{"line":92,"column":35}},"47":{"start":{"line":93,"column":4},"end":{"line":95,"column":5}},"48":{"start":{"line":94,"column":6},"end":{"line":94,"column":94}},"49":{"start":{"line":97,"column":4},"end":{"line":97,"column":49}},"50":{"start":{"line":101,"column":0},"end":{"line":117,"column":2}},"51":{"start":{"line":103,"column":25},"end":{"line":103,"column":35}},"52":{"start":{"line":104,"column":4},"end":{"line":114,"column":5}},"53":{"start":{"line":105,"column":6},"end":{"line":113,"column":25}},"54":{"start":{"line":106,"column":8},"end":{"line":108,"column":9}},"55":{"start":{"line":107,"column":10},"end":{"line":107,"column":63}},"56":{"start":{"line":110,"column":22},"end":{"line":110,"column":95}},"57":{"start":{"line":111,"column":8},"end":{"line":111,"column":55}},"58":{"start":{"line":112,"column":8},"end":{"line":112,"column":26}},"59":{"start":{"line":115,"column":4},"end":{"line":115,"column":49}},"60":{"start":{"line":119,"column":0},"end":{"line":131,"column":3}},"61":{"start":{"line":119,"column":28},"end":{"line":131,"column":2}},"62":{"start":{"line":120,"column":2},"end":{"line":129,"column":3}},"63":{"start":{"line":121,"column":4},"end":{"line":121,"column":34}},"64":{"start":{"line":122,"column":4},"end":{"line":122,"column":81}},"65":{"start":{"line":125,"column":4},"end":{"line":125,"column":37}},"66":{"start":{"line":126,"column":4},"end":{"line":126,"column":53}},"67":{"start":{"line":128,"column":4},"end":{"line":128,"column":63}},"68":{"start":{"line":130,"column":2},"end":{"line":130,"column":48}},"69":{"start":{"line":133,"column":0},"end":{"line":133,"column":19}}},"fnMap":{"0":{"name":"(anonymous_14)","decl":{"start":{"line":34,"column":13},"end":{"line":34,"column":14}},"loc":{"start":{"line":34,"column":45},"end":{"line":36,"column":1}}},"1":{"name":"(anonymous_15)","decl":{"start":{"line":44,"column":2},"end":{"line":44,"column":3}},"loc":{"start":{"line":44,"column":34},"end":{"line":59,"column":3}}},"2":{"name":"(anonymous_16)","decl":{"start":{"line":62,"column":24},"end":{"line":62,"column":25}},"loc":{"start":{"line":62,"column":56},"end":{"line":84,"column":1}}},"3":{"name":"(anonymous_17)","decl":{"start":{"line":72,"column":24},"end":{"line":72,"column":25}},"loc":{"start":{"line":72,"column":32},"end":{"line":76,"column":5}}},"4":{"name":"(anonymous_18)","decl":{"start":{"line":86,"column":37},"end":{"line":86,"column":38}},"loc":{"start":{"line":86,"column":69},"end":{"line":88,"column":1}}},"5":{"name":"(anonymous_19)","decl":{"start":{"line":91,"column":2},"end":{"line":91,"column":3}},"loc":{"start":{"line":91,"column":21},"end":{"line":98,"column":3}}},"6":{"name":"(anonymous_20)","decl":{"start":{"line":102,"column":2},"end":{"line":102,"column":3}},"loc":{"start":{"line":102,"column":21},"end":{"line":116,"column":3}}},"7":{"name":"(anonymous_21)","decl":{"start":{"line":105,"column":71},"end":{"line":105,"column":72}},"loc":{"start":{"line":105,"column":91},"end":{"line":113,"column":7}}},"8":{"name":"(anonymous_22)","decl":{"start":{"line":119,"column":17},"end":{"line":119,"column":26}},"loc":{"start":{"line":119,"column":28},"end":{"line":131,"column":2}}},"9":{"name":"(anonymous_23)","decl":{"start":{"line":119,"column":28},"end":{"line":119,"column":null}},"loc":{"start":{"line":119,"column":28},"end":{"line":131,"column":1}}}},"branchMap":{"0":{"loc":{"start":{"line":45,"column":4},"end":{"line":58,"column":5}},"type":"if","locations":[{"start":{"line":45,"column":4},"end":{"line":58,"column":5}},{"start":{"line":56,"column":11},"end":{"line":58,"column":5}}]},"1":{"loc":{"start":{"line":48,"column":23},"end":{"line":48,"column":65}},"type":"binary-expr","locations":[{"start":{"line":48,"column":23},"end":{"line":48,"column":39}},{"start":{"line":48,"column":43},"end":{"line":48,"column":64}}]},"2":{"loc":{"start":{"line":48,"column":43},"end":{"line":48,"column":64}},"type":"cond-expr","locations":[{"start":{"line":48,"column":57},"end":{"line":48,"column":59}},{"start":{"line":48,"column":57},"end":{"line":48,"column":64}}]},"3":{"loc":{"start":{"line":48,"column":43},"end":{"line":48,"column":59}},"type":"binary-expr","locations":[{"start":{"line":48,"column":43},"end":{"line":48,"column":59}},{"start":{"line":48,"column":57},"end":{"line":48,"column":59}}]},"4":{"loc":{"start":{"line":71,"column":2},"end":{"line":77,"column":3}},"type":"if","locations":[{"start":{"line":71,"column":2},"end":{"line":77,"column":3}}]},"5":{"loc":{"start":{"line":73,"column":6},"end":{"line":75,"column":7}},"type":"if","locations":[{"start":{"line":73,"column":6},"end":{"line":75,"column":7}}]},"6":{"loc":{"start":{"line":93,"column":4},"end":{"line":95,"column":5}},"type":"if","locations":[{"start":{"line":93,"column":4},"end":{"line":95,"column":5}}]},"7":{"loc":{"start":{"line":104,"column":4},"end":{"line":114,"column":5}},"type":"if","locations":[{"start":{"line":104,"column":4},"end":{"line":114,"column":5}}]},"8":{"loc":{"start":{"line":106,"column":8},"end":{"line":108,"column":9}},"type":"if","locations":[{"start":{"line":106,"column":8},"end":{"line":108,"column":9}}]},"9":{"loc":{"start":{"line":106,"column":12},"end":{"line":106,"column":24}},"type":"binary-expr","locations":[{"start":{"line":106,"column":12},"end":{"line":106,"column":15}},{"start":{"line":106,"column":19},"end":{"line":106,"column":24}}]}},"s":{"0":1,"1":1,"2":1,"3":1,"4":1,"5":1,"6":1,"7":1,"8":1,"9":1,"10":1,"11":1,"12":1,"13":1,"14":1,"15":1,"16":1,"17":1,"18":1,"19":1,"20":1,"21":1,"22":1,"23":1,"24":1,"25":1,"26":0,"27":1,"28":1,"29":0,"30":0,"31":0,"32":0,"33":0,"34":0,"35":0,"36":1,"37":0,"38":0,"39":0,"40":0,"41":0,"42":0,"43":1,"44":0,"45":1,"46":0,"47":0,"48":0,"49":0,"50":1,"51":0,"52":0,"53":0,"54":0,"55":0,"56":0,"57":0,"58":0,"59":0,"60":1,"61":1,"62":1,"63":1,"64":0,"65":0,"66":0,"67":0,"68":0,"69":1},"f":{"0":0,"1":0,"2":0,"3":0,"4":0,"5":0,"6":0,"7":0,"8":1,"9":1},"b":{"0":[0,0],"1":[0,0],"2":[0,0],"3":[0,0],"4":[0],"5":[0],"6":[0],"7":[0],"8":[0],"9":[0,0]}}
,"C:\\Users\\Ervhyne\\Documents\\VS PROJECTS\\Text-Adventure\\backend\\src\\controllers\\adminController.ts": {"path":"C:\\Users\\Ervhyne\\Documents\\VS PROJECTS\\Text-Adventure\\backend\\src\\controllers\\adminController.ts","statementMap":{"0":{"start":{"line":1,"column":0},"end":{"line":1,"column":53}},"1":{"start":{"line":2,"column":0},"end":{"line":2,"column":49}},"2":{"start":{"line":4,"column":15},"end":{"line":4,"column":31}},"3":{"start":{"line":7,"column":0},"end":{"line":14,"column":3}},"4":{"start":{"line":7,"column":59},"end":{"line":14,"column":2}},"5":{"start":{"line":8,"column":4},"end":{"line":13,"column":5}},"6":{"start":{"line":9,"column":22},"end":{"line":9,"column":53}},"7":{"start":{"line":10,"column":8},"end":{"line":10,"column":24}},"8":{"start":{"line":12,"column":8},"end":{"line":12,"column":65}},"9":{"start":{"line":17,"column":0},"end":{"line":28,"column":3}},"10":{"start":{"line":17,"column":63},"end":{"line":28,"column":2}},"11":{"start":{"line":18,"column":4},"end":{"line":27,"column":5}},"12":{"start":{"line":19,"column":21},"end":{"line":19,"column":75}},"13":{"start":{"line":20,"column":8},"end":{"line":24,"column":9}},"14":{"start":{"line":21,"column":12},"end":{"line":21,"column":27}},"15":{"start":{"line":23,"column":12},"end":{"line":23,"column":51}},"16":{"start":{"line":26,"column":8},"end":{"line":26,"column":64}},"17":{"start":{"line":31,"column":0},"end":{"line":42,"column":3}},"18":{"start":{"line":31,"column":78},"end":{"line":42,"column":2}},"19":{"start":{"line":32,"column":4},"end":{"line":41,"column":5}},"20":{"start":{"line":33,"column":21},"end":{"line":33,"column":77}},"21":{"start":{"line":34,"column":8},"end":{"line":38,"column":9}},"22":{"start":{"line":35,"column":12},"end":{"line":35,"column":27}},"23":{"start":{"line":37,"column":12},"end":{"line":37,"column":51}},"24":{"start":{"line":40,"column":8},"end":{"line":40,"column":64}},"25":{"start":{"line":45,"column":0},"end":{"line":52,"column":3}},"26":{"start":{"line":45,"column":60},"end":{"line":52,"column":2}},"27":{"start":{"line":46,"column":4},"end":{"line":51,"column":5}},"28":{"start":{"line":47,"column":26},"end":{"line":47,"column":61}},"29":{"start":{"line":48,"column":8},"end":{"line":48,"column":40}},"30":{"start":{"line":50,"column":8},"end":{"line":50,"column":66}},"31":{"start":{"line":55,"column":0},"end":{"line":66,"column":3}},"32":{"start":{"line":55,"column":63},"end":{"line":66,"column":2}},"33":{"start":{"line":56,"column":4},"end":{"line":65,"column":5}},"34":{"start":{"line":57,"column":28},"end":{"line":57,"column":91}},"35":{"start":{"line":58,"column":8},"end":{"line":62,"column":9}},"36":{"start":{"line":59,"column":12},"end":{"line":59,"column":34}},"37":{"start":{"line":61,"column":12},"end":{"line":61,"column":51}},"38":{"start":{"line":64,"column":8},"end":{"line":64,"column":66}},"39":{"start":{"line":69,"column":0},"end":{"line":80,"column":3}},"40":{"start":{"line":69,"column":66},"end":{"line":80,"column":2}},"41":{"start":{"line":70,"column":4},"end":{"line":79,"column":5}},"42":{"start":{"line":71,"column":24},"end":{"line":71,"column":77}},"43":{"start":{"line":72,"column":8},"end":{"line":76,"column":9}},"44":{"start":{"line":73,"column":12},"end":{"line":73,"column":35}},"45":{"start":{"line":75,"column":12},"end":{"line":75,"column":51}},"46":{"start":{"line":78,"column":8},"end":{"line":78,"column":65}},"47":{"start":{"line":82,"column":0},"end":{"line":82,"column":22}}},"fnMap":{"0":{"name":"(anonymous_8)","decl":{"start":{"line":7,"column":21},"end":{"line":7,"column":28}},"loc":{"start":{"line":7,"column":59},"end":{"line":14,"column":2}}},"1":{"name":"(anonymous_9)","decl":{"start":{"line":7,"column":59},"end":{"line":7,"column":null}},"loc":{"start":{"line":7,"column":59},"end":{"line":14,"column":1}}},"2":{"name":"(anonymous_10)","decl":{"start":{"line":17,"column":25},"end":{"line":17,"column":32}},"loc":{"start":{"line":17,"column":63},"end":{"line":28,"column":2}}},"3":{"name":"(anonymous_11)","decl":{"start":{"line":17,"column":63},"end":{"line":17,"column":null}},"loc":{"start":{"line":17,"column":63},"end":{"line":28,"column":1}}},"4":{"name":"(anonymous_12)","decl":{"start":{"line":31,"column":40},"end":{"line":31,"column":47}},"loc":{"start":{"line":31,"column":78},"end":{"line":42,"column":2}}},"5":{"name":"(anonymous_13)","decl":{"start":{"line":31,"column":78},"end":{"line":31,"column":null}},"loc":{"start":{"line":31,"column":78},"end":{"line":42,"column":1}}},"6":{"name":"(anonymous_14)","decl":{"start":{"line":45,"column":22},"end":{"line":45,"column":29}},"loc":{"start":{"line":45,"column":60},"end":{"line":52,"column":2}}},"7":{"name":"(anonymous_15)","decl":{"start":{"line":45,"column":60},"end":{"line":45,"column":null}},"loc":{"start":{"line":45,"column":60},"end":{"line":52,"column":1}}},"8":{"name":"(anonymous_16)","decl":{"start":{"line":55,"column":25},"end":{"line":55,"column":32}},"loc":{"start":{"line":55,"column":63},"end":{"line":66,"column":2}}},"9":{"name":"(anonymous_17)","decl":{"start":{"line":55,"column":63},"end":{"line":55,"column":null}},"loc":{"start":{"line":55,"column":63},"end":{"line":66,"column":1}}},"10":{"name":"(anonymous_18)","decl":{"start":{"line":69,"column":28},"end":{"line":69,"column":35}},"loc":{"start":{"line":69,"column":66},"end":{"line":80,"column":2}}},"11":{"name":"(anonymous_19)","decl":{"start":{"line":69,"column":66},"end":{"line":69,"column":null}},"loc":{"start":{"line":69,"column":66},"end":{"line":80,"column":1}}}},"branchMap":{"0":{"loc":{"start":{"line":20,"column":8},"end":{"line":24,"column":9}},"type":"if","locations":[{"start":{"line":20,"column":8},"end":{"line":24,"column":9}},{"start":{"line":22,"column":15},"end":{"line":24,"column":9}}]},"1":{"loc":{"start":{"line":34,"column":8},"end":{"line":38,"column":9}},"type":"if","locations":[{"start":{"line":34,"column":8},"end":{"line":38,"column":9}},{"start":{"line":36,"column":15},"end":{"line":38,"column":9}}]},"2":{"loc":{"start":{"line":58,"column":8},"end":{"line":62,"column":9}},"type":"if","locations":[{"start":{"line":58,"column":8},"end":{"line":62,"column":9}},{"start":{"line":60,"column":15},"end":{"line":62,"column":9}}]},"3":{"loc":{"start":{"line":72,"column":8},"end":{"line":76,"column":9}},"type":"if","locations":[{"start":{"line":72,"column":8},"end":{"line":76,"column":9}},{"start":{"line":74,"column":15},"end":{"line":76,"column":9}}]}},"s":{"0":1,"1":1,"2":1,"3":1,"4":0,"5":0,"6":0,"7":0,"8":0,"9":1,"10":0,"11":0,"12":0,"13":0,"14":0,"15":0,"16":0,"17":1,"18":0,"19":0,"20":0,"21":0,"22":0,"23":0,"24":0,"25":1,"26":0,"27":0,"28":0,"29":0,"30":0,"31":1,"32":0,"33":0,"34":0,"35":0,"36":0,"37":0,"38":0,"39":1,"40":0,"41":0,"42":0,"43":0,"44":0,"45":0,"46":0,"47":1},"f":{"0":0,"1":0,"2":0,"3":0,"4":0,"5":0,"6":0,"7":0,"8":0,"9":0,"10":0,"11":0},"b":{"0":[0,0],"1":[0,0],"2":[0,0],"3":[0,0]}}
,"C:\\Users\\Ervhyne\\Documents\\VS PROJECTS\\Text-Adventure\\backend\\src\\controllers\\authController.ts": {"path":"C:\\Users\\Ervhyne\\Documents\\VS PROJECTS\\Text-Adventure\\backend\\src\\controllers\\authController.ts","statementMap":{"0":{"start":{"line":2,"column":0},"end":{"line":2,"column":28}},"1":{"start":{"line":3,"column":0},"end":{"line":3,"column":33}},"2":{"start":{"line":4,"column":0},"end":{"line":4,"column":31}},"3":{"start":{"line":5,"column":0},"end":{"line":5,"column":44}},"4":{"start":{"line":18,"column":25},"end":{"line":27,"column":1}},"5":{"start":{"line":19,"column":4},"end":{"line":19,"column":32}},"6":{"start":{"line":19,"column":19},"end":{"line":19,"column":32}},"7":{"start":{"line":20,"column":22},"end":{"line":20,"column":23}},"8":{"start":{"line":21,"column":25},"end":{"line":21,"column":47}},"9":{"start":{"line":22,"column":25},"end":{"line":22,"column":47}},"10":{"start":{"line":23,"column":23},"end":{"line":23,"column":42}},"11":{"start":{"line":24,"column":27},"end":{"line":24,"column":67}},"12":{"start":{"line":26,"column":4},"end":{"line":26,"column":104}},"13":{"start":{"line":29,"column":24},"end":{"line":80,"column":2}},"14":{"start":{"line":29,"column":106},"end":{"line":80,"column":2}},"15":{"start":{"line":30,"column":76},"end":{"line":30,"column":84}},"16":{"start":{"line":31,"column":4},"end":{"line":79,"column":5}},"17":{"start":{"line":33,"column":8},"end":{"line":36,"column":9}},"18":{"start":{"line":34,"column":12},"end":{"line":34,"column":199}},"19":{"start":{"line":35,"column":12},"end":{"line":35,"column":19}},"20":{"start":{"line":39,"column":36},"end":{"line":39,"column":76}},"21":{"start":{"line":40,"column":8},"end":{"line":43,"column":9}},"22":{"start":{"line":41,"column":12},"end":{"line":41,"column":70}},"23":{"start":{"line":42,"column":12},"end":{"line":42,"column":19}},"24":{"start":{"line":45,"column":39},"end":{"line":45,"column":82}},"25":{"start":{"line":46,"column":8},"end":{"line":49,"column":9}},"26":{"start":{"line":47,"column":12},"end":{"line":47,"column":73}},"27":{"start":{"line":48,"column":12},"end":{"line":48,"column":19}},"28":{"start":{"line":52,"column":31},"end":{"line":52,"column":62}},"29":{"start":{"line":55,"column":24},"end":{"line":62,"column":10}},"30":{"start":{"line":64,"column":8},"end":{"line":71,"column":11}},"31":{"start":{"line":73,"column":8},"end":{"line":78,"column":9}},"32":{"start":{"line":74,"column":12},"end":{"line":74,"column":91}},"33":{"start":{"line":74,"column":66},"end":{"line":74,"column":75}},"34":{"start":{"line":76,"column":12},"end":{"line":76,"column":63}},"35":{"start":{"line":77,"column":12},"end":{"line":77,"column":62}},"36":{"start":{"line":29,"column":13},"end":{"line":29,"column":24}},"37":{"start":{"line":82,"column":21},"end":{"line":116,"column":2}},"38":{"start":{"line":82,"column":74},"end":{"line":116,"column":2}},"39":{"start":{"line":83,"column":4},"end":{"line":115,"column":5}},"40":{"start":{"line":84,"column":34},"end":{"line":84,"column":42}},"41":{"start":{"line":87,"column":19},"end":{"line":87,"column":59}},"42":{"start":{"line":88,"column":6},"end":{"line":91,"column":7}},"43":{"start":{"line":89,"column":8},"end":{"line":89,"column":71}},"44":{"start":{"line":90,"column":8},"end":{"line":90,"column":15}},"45":{"start":{"line":94,"column":30},"end":{"line":94,"column":75}},"46":{"start":{"line":95,"column":6},"end":{"line":98,"column":7}},"47":{"start":{"line":96,"column":8},"end":{"line":96,"column":71}},"48":{"start":{"line":97,"column":8},"end":{"line":97,"column":15}},"49":{"start":{"line":101,"column":20},"end":{"line":101,"column":85}},"50":{"start":{"line":103,"column":6},"end":{"line":111,"column":9}},"51":{"start":{"line":113,"column":6},"end":{"line":113,"column":50}},"52":{"start":{"line":114,"column":6},"end":{"line":114,"column":56}},"53":{"start":{"line":82,"column":13},"end":{"line":82,"column":21}}},"fnMap":{"0":{"name":"(anonymous_8)","decl":{"start":{"line":18,"column":25},"end":{"line":18,"column":26}},"loc":{"start":{"line":18,"column":55},"end":{"line":27,"column":1}}},"1":{"name":"(anonymous_9)","decl":{"start":{"line":29,"column":24},"end":{"line":29,"column":31}},"loc":{"start":{"line":29,"column":106},"end":{"line":80,"column":2}}},"2":{"name":"(anonymous_10)","decl":{"start":{"line":29,"column":106},"end":{"line":29,"column":null}},"loc":{"start":{"line":29,"column":106},"end":{"line":80,"column":1}}},"3":{"name":"(anonymous_11)","decl":{"start":{"line":74,"column":61},"end":{"line":74,"column":62}},"loc":{"start":{"line":74,"column":66},"end":{"line":74,"column":75}}},"4":{"name":"(anonymous_12)","decl":{"start":{"line":82,"column":21},"end":{"line":82,"column":28}},"loc":{"start":{"line":82,"column":74},"end":{"line":116,"column":2}}},"5":{"name":"(anonymous_13)","decl":{"start":{"line":82,"column":74},"end":{"line":82,"column":null}},"loc":{"start":{"line":82,"column":74},"end":{"line":116,"column":1}}}},"branchMap":{"0":{"loc":{"start":{"line":19,"column":4},"end":{"line":19,"column":32}},"type":"if","locations":[{"start":{"line":19,"column":4},"end":{"line":19,"column":32}}]},"1":{"loc":{"start":{"line":26,"column":11},"end":{"line":26,"column":103}},"type":"binary-expr","locations":[{"start":{"line":26,"column":11},"end":{"line":26,"column":39}},{"start":{"line":26,"column":43},"end":{"line":26,"column":55}},{"start":{"line":26,"column":59},"end":{"line":26,"column":71}},{"start":{"line":26,"column":75},"end":{"line":26,"column":85}},{"start":{"line":26,"column":89},"end":{"line":26,"column":103}}]},"2":{"loc":{"start":{"line":33,"column":8},"end":{"line":36,"column":9}},"type":"if","locations":[{"start":{"line":33,"column":8},"end":{"line":36,"column":9}}]},"3":{"loc":{"start":{"line":40,"column":8},"end":{"line":43,"column":9}},"type":"if","locations":[{"start":{"line":40,"column":8},"end":{"line":43,"column":9}}]},"4":{"loc":{"start":{"line":46,"column":8},"end":{"line":49,"column":9}},"type":"if","locations":[{"start":{"line":46,"column":8},"end":{"line":49,"column":9}}]},"5":{"loc":{"start":{"line":59,"column":21},"end":{"line":59,"column":38}},"type":"binary-expr","locations":[{"start":{"line":59,"column":21},"end":{"line":59,"column":30}},{"start":{"line":59,"column":34},"end":{"line":59,"column":38}}]},"6":{"loc":{"start":{"line":60,"column":19},"end":{"line":60,"column":35}},"type":"binary-expr","locations":[{"start":{"line":60,"column":19},"end":{"line":60,"column":24}},{"start":{"line":60,"column":28},"end":{"line":60,"column":35}}]},"7":{"loc":{"start":{"line":61,"column":19},"end":{"line":61,"column":33}},"type":"binary-expr","locations":[{"start":{"line":61,"column":19},"end":{"line":61,"column":24}},{"start":{"line":61,"column":28},"end":{"line":61,"column":33}}]},"8":{"loc":{"start":{"line":73,"column":8},"end":{"line":78,"column":9}},"type":"if","locations":[{"start":{"line":73,"column":8},"end":{"line":78,"column":9}},{"start":{"line":75,"column":15},"end":{"line":78,"column":9}}]},"9":{"loc":{"start":{"line":88,"column":6},"end":{"line":91,"column":7}},"type":"if","locations":[{"start":{"line":88,"column":6},"end":{"line":91,"column":7}}]},"10":{"loc":{"start":{"line":95,"column":6},"end":{"line":98,"column":7}},"type":"if","locations":[{"start":{"line":95,"column":6},"end":{"line":98,"column":7}}]}},"s":{"0":1,"1":1,"2":1,"3":1,"4":1,"5":2,"6":1,"7":1,"8":1,"9":1,"10":1,"11":1,"12":1,"13":1,"14":2,"15":2,"16":2,"17":2,"18":2,"19":2,"20":0,"21":0,"22":0,"23":0,"24":0,"25":0,"26":0,"27":0,"28":0,"29":0,"30":0,"31":0,"32":0,"33":0,"34":0,"35":0,"36":1,"37":1,"38":2,"39":2,"40":2,"41":2,"42":2,"43":0,"44":0,"45":2,"46":0,"47":0,"48":0,"49":0,"50":0,"51":2,"52":2,"53":1},"f":{"0":2,"1":2,"2":2,"3":0,"4":2,"5":2},"b":{"0":[1],"1":[1,1,0,0,0],"2":[2],"3":[0],"4":[0],"5":[0,0],"6":[0,0],"7":[0,0],"8":[0,0],"9":[0],"10":[0]}}
,"C:\\Users\\Ervhyne\\Documents\\VS PROJECTS\\Text-Adventure\\backend\\src\\middlware\\auth.ts": {"path":"C:\\Users\\Ervhyne\\Documents\\VS PROJECTS\\Text-Adventure\\backend\\src\\middlware\\auth.ts","statementMap":{"0":{"start":{"line":2,"column":0},"end":{"line":2,"column":31}},"1":{"start":{"line":4,"column":22},"end":{"line":17,"column":1}},"2":{"start":{"line":5,"column":4},"end":{"line":7,"column":5}},"3":{"start":{"line":6,"column":8},"end":{"line":6,"column":22}},"4":{"start":{"line":8,"column":18},"end":{"line":8,"column":35}},"5":{"start":{"line":9,"column":4},"end":{"line":16,"column":5}},"6":{"start":{"line":10,"column":21},"end":{"line":10,"column":46}},"7":{"start":{"line":11,"column":8},"end":{"line":11,"column":33}},"8":{"start":{"line":12,"column":8},"end":{"line":12,"column":15}},"9":{"start":{"line":14,"column":8},"end":{"line":14,"column":33}},"10":{"start":{"line":15,"column":8},"end":{"line":15,"column":33}},"11":{"start":{"line":19,"column":0},"end":{"line":19,"column":29}}},"fnMap":{"0":{"name":"(anonymous_1)","decl":{"start":{"line":4,"column":22},"end":{"line":4,"column":23}},"loc":{"start":{"line":4,"column":74},"end":{"line":17,"column":1}}}},"branchMap":{"0":{"loc":{"start":{"line":5,"column":4},"end":{"line":7,"column":5}},"type":"if","locations":[{"start":{"line":5,"column":4},"end":{"line":7,"column":5}}]}},"s":{"0":1,"1":1,"2":0,"3":0,"4":0,"5":0,"6":0,"7":0,"8":0,"9":0,"10":0,"11":1},"f":{"0":0},"b":{"0":[0]}}
,"C:\\Users\\Ervhyne\\Documents\\VS PROJECTS\\Text-Adventure\\backend\\src\\middlware\\cors.ts": {"path":"C:\\Users\\Ervhyne\\Documents\\VS PROJECTS\\Text-Adventure\\backend\\src\\middlware\\cors.ts","statementMap":{"0":{"start":{"line":3,"column":33},"end":{"line":8,"column":2}},"1":{"start":{"line":10,"column":0},"end":{"line":10,"column":27}}},"fnMap":{},"branchMap":{},"s":{"0":1,"1":1},"f":{},"b":{}}
,"C:\\Users\\Ervhyne\\Documents\\VS PROJECTS\\Text-Adventure\\backend\\src\\middlware\\passport.ts": {"path":"C:\\Users\\Ervhyne\\Documents\\VS PROJECTS\\Text-Adventure\\backend\\src\\middlware\\passport.ts","statementMap":{"0":{"start":{"line":1,"column":0},"end":{"line":1,"column":32}},"1":{"start":{"line":2,"column":0},"end":{"line":2,"column":69}},"2":{"start":{"line":3,"column":0},"end":{"line":3,"column":28}},"3":{"start":{"line":5,"column":0},"end":{"line":5,"column":16}},"4":{"start":{"line":7,"column":23},"end":{"line":7,"column":51}},"5":{"start":{"line":8,"column":27},"end":{"line":8,"column":59}},"6":{"start":{"line":10,"column":0},"end":{"line":12,"column":1}},"7":{"start":{"line":11,"column":2},"end":{"line":11,"column":79}},"8":{"start":{"line":14,"column":0},"end":{"line":23,"column":3}},"9":{"start":{"line":21,"column":4},"end":{"line":21,"column":31}},"10":{"start":{"line":25,"column":0},"end":{"line":27,"column":3}},"11":{"start":{"line":26,"column":2},"end":{"line":26,"column":19}},"12":{"start":{"line":29,"column":0},"end":{"line":31,"column":3}},"13":{"start":{"line":30,"column":2},"end":{"line":30,"column":19}},"14":{"start":{"line":33,"column":0},"end":{"line":33,"column":24}}},"fnMap":{"0":{"name":"(anonymous_1)","decl":{"start":{"line":19,"column":2},"end":{"line":19,"column":3}},"loc":{"start":{"line":19,"column":47},"end":{"line":22,"column":3}}},"1":{"name":"(anonymous_2)","decl":{"start":{"line":25,"column":23},"end":{"line":25,"column":24}},"loc":{"start":{"line":25,"column":38},"end":{"line":27,"column":1}}},"2":{"name":"(anonymous_3)","decl":{"start":{"line":29,"column":25},"end":{"line":29,"column":26}},"loc":{"start":{"line":29,"column":54},"end":{"line":31,"column":1}}}},"branchMap":{"0":{"loc":{"start":{"line":10,"column":0},"end":{"line":12,"column":1}},"type":"if","locations":[{"start":{"line":10,"column":0},"end":{"line":12,"column":1}}]},"1":{"loc":{"start":{"line":10,"column":4},"end":{"line":10,"column":42}},"type":"binary-expr","locations":[{"start":{"line":10,"column":4},"end":{"line":10,"column":19}},{"start":{"line":10,"column":23},"end":{"line":10,"column":42}}]}},"s":{"0":1,"1":1,"2":1,"3":1,"4":1,"5":1,"6":1,"7":0,"8":1,"9":0,"10":1,"11":0,"12":1,"13":0,"14":1},"f":{"0":0,"1":0,"2":0},"b":{"0":[0],"1":[1,1]}}
,"C:\\Users\\Ervhyne\\Documents\\VS PROJECTS\\Text-Adventure\\backend\\src\\model\\user.ts": {"path":"C:\\Users\\Ervhyne\\Documents\\VS PROJECTS\\Text-Adventure\\backend\\src\\model\\user.ts","statementMap":{"0":{"start":{"line":1,"column":0},"end":{"line":1,"column":55}},"1":{"start":{"line":2,"column":0},"end":{"line":2,"column":44}},"2":{"start":{"line":32,"column":0},"end":{"line":76,"column":2}},"3":{"start":{"line":78,"column":0},"end":{"line":78,"column":20}}},"fnMap":{},"branchMap":{},"s":{"0":1,"1":1,"2":1,"3":1},"f":{},"b":{}}
,"C:\\Users\\Ervhyne\\Documents\\VS PROJECTS\\Text-Adventure\\backend\\src\\routes\\routes.ts": {"path":"C:\\Users\\Ervhyne\\Documents\\VS PROJECTS\\Text-Adventure\\backend\\src\\routes\\routes.ts","statementMap":{"0":{"start":{"line":1,"column":0},"end":{"line":1,"column":33}},"1":{"start":{"line":2,"column":0},"end":{"line":2,"column":64}},"2":{"start":{"line":4,"column":15},"end":{"line":4,"column":23}},"3":{"start":{"line":6,"column":0},"end":{"line":6,"column":29}},"4":{"start":{"line":7,"column":0},"end":{"line":7,"column":35}},"5":{"start":{"line":9,"column":0},"end":{"line":9,"column":22}}},"fnMap":{},"branchMap":{},"s":{"0":1,"1":1,"2":1,"3":1,"4":1,"5":1},"f":{},"b":{}}
,"C:\\Users\\Ervhyne\\Documents\\VS PROJECTS\\Text-Adventure\\backend\\src\\service\\database.ts": {"path":"C:\\Users\\Ervhyne\\Documents\\VS PROJECTS\\Text-Adventure\\backend\\src\\service\\database.ts","statementMap":{"0":{"start":{"line":1,"column":0},"end":{"line":1,"column":38}},"1":{"start":{"line":2,"column":0},"end":{"line":2,"column":27}},"2":{"start":{"line":4,"column":21},"end":{"line":4,"column":45}},"3":{"start":{"line":5,"column":18},"end":{"line":15,"column":2}},"4":{"start":{"line":17,"column":0},"end":{"line":17,"column":25}}},"fnMap":{},"branchMap":{"0":{"loc":{"start":{"line":5,"column":32},"end":{"line":5,"column":62}},"type":"binary-expr","locations":[{"start":{"line":5,"column":32},"end":{"line":5,"column":56}},{"start":{"line":5,"column":60},"end":{"line":5,"column":62}}]},"1":{"loc":{"start":{"line":5,"column":32},"end":{"line":5,"column":56}},"type":"cond-expr","locations":[{"start":{"line":5,"column":44},"end":{"line":5,"column":46}},{"start":{"line":5,"column":32},"end":{"line":5,"column":56}}]},"2":{"loc":{"start":{"line":5,"column":32},"end":{"line":5,"column":46}},"type":"binary-expr","locations":[{"start":{"line":5,"column":32},"end":{"line":5,"column":46}},{"start":{"line":5,"column":32},"end":{"line":5,"column":46}}]}},"s":{"0":2,"1":2,"2":2,"3":2,"4":2},"f":{},"b":{"0":[2,0],"1":[0,2],"2":[2,2]}}
,"C:\\Users\\Ervhyne\\Documents\\VS PROJECTS\\Text-Adventure\\backend\\src\\service\\userService.ts": {"path":"C:\\Users\\Ervhyne\\Documents\\VS PROJECTS\\Text-Adventure\\backend\\src\\service\\userService.ts","statementMap":{"0":{"start":{"line":1,"column":0},"end":{"line":1,"column":33}},"1":{"start":{"line":2,"column":0},"end":{"line":2,"column":28}},"2":{"start":{"line":6,"column":8},"end":{"line":6,"column":36}},"3":{"start":{"line":10,"column":8},"end":{"line":10,"column":39}},"4":{"start":{"line":14,"column":8},"end":{"line":14,"column":59}},"5":{"start":{"line":19,"column":39},"end":{"line":19,"column":101}},"6":{"start":{"line":20,"column":8},"end":{"line":22,"column":9}},"7":{"start":{"line":21,"column":12},"end":{"line":21,"column":55}},"8":{"start":{"line":25,"column":36},"end":{"line":25,"column":92}},"9":{"start":{"line":26,"column":8},"end":{"line":28,"column":9}},"10":{"start":{"line":27,"column":12},"end":{"line":27,"column":52}},"11":{"start":{"line":31,"column":31},"end":{"line":31,"column":71}},"12":{"start":{"line":32,"column":8},"end":{"line":32,"column":43}},"13":{"start":{"line":34,"column":8},"end":{"line":34,"column":43}},"14":{"start":{"line":38,"column":8},"end":{"line":68,"column":9}},"15":{"start":{"line":39,"column":25},"end":{"line":39,"column":48}},"16":{"start":{"line":40,"column":12},"end":{"line":42,"column":13}},"17":{"start":{"line":41,"column":16},"end":{"line":41,"column":50}},"18":{"start":{"line":45,"column":12},"end":{"line":50,"column":13}},"19":{"start":{"line":46,"column":47},"end":{"line":46,"column":112}},"20":{"start":{"line":47,"column":16},"end":{"line":49,"column":17}},"21":{"start":{"line":48,"column":20},"end":{"line":48,"column":63}},"22":{"start":{"line":53,"column":12},"end":{"line":58,"column":13}},"23":{"start":{"line":54,"column":44},"end":{"line":54,"column":103}},"24":{"start":{"line":55,"column":16},"end":{"line":57,"column":17}},"25":{"start":{"line":56,"column":20},"end":{"line":56,"column":60}},"26":{"start":{"line":61,"column":12},"end":{"line":63,"column":13}},"27":{"start":{"line":62,"column":16},"end":{"line":62,"column":83}},"28":{"start":{"line":65,"column":12},"end":{"line":65,"column":50}},"29":{"start":{"line":67,"column":12},"end":{"line":67,"column":82}},"30":{"start":{"line":72,"column":21},"end":{"line":72,"column":44}},"31":{"start":{"line":73,"column":8},"end":{"line":76,"column":9}},"32":{"start":{"line":74,"column":12},"end":{"line":74,"column":33}},"33":{"start":{"line":75,"column":12},"end":{"line":75,"column":24}},"34":{"start":{"line":77,"column":8},"end":{"line":77,"column":21}},"35":{"start":{"line":81,"column":0},"end":{"line":81,"column":27}}},"fnMap":{"0":{"name":"(anonymous_8)","decl":{"start":{"line":5,"column":4},"end":{"line":5,"column":10}},"loc":{"start":{"line":5,"column":28},"end":{"line":7,"column":null}}},"1":{"name":"(anonymous_10)","decl":{"start":{"line":9,"column":4},"end":{"line":9,"column":10}},"loc":{"start":{"line":9,"column":39},"end":{"line":11,"column":null}}},"2":{"name":"(anonymous_12)","decl":{"start":{"line":13,"column":4},"end":{"line":13,"column":10}},"loc":{"start":{"line":13,"column":51},"end":{"line":15,"column":null}}},"3":{"name":"(anonymous_14)","decl":{"start":{"line":17,"column":4},"end":{"line":17,"column":10}},"loc":{"start":{"line":17,"column":38},"end":{"line":35,"column":null}}},"4":{"name":"(anonymous_16)","decl":{"start":{"line":37,"column":4},"end":{"line":37,"column":10}},"loc":{"start":{"line":37,"column":56},"end":{"line":69,"column":null}}},"5":{"name":"(anonymous_18)","decl":{"start":{"line":71,"column":4},"end":{"line":71,"column":10}},"loc":{"start":{"line":71,"column":38},"end":{"line":78,"column":null}}}},"branchMap":{"0":{"loc":{"start":{"line":20,"column":8},"end":{"line":22,"column":9}},"type":"if","locations":[{"start":{"line":20,"column":8},"end":{"line":22,"column":9}}]},"1":{"loc":{"start":{"line":26,"column":8},"end":{"line":28,"column":9}},"type":"if","locations":[{"start":{"line":26,"column":8},"end":{"line":28,"column":9}}]},"2":{"loc":{"start":{"line":40,"column":12},"end":{"line":42,"column":13}},"type":"if","locations":[{"start":{"line":40,"column":12},"end":{"line":42,"column":13}}]},"3":{"loc":{"start":{"line":45,"column":12},"end":{"line":50,"column":13}},"type":"if","locations":[{"start":{"line":45,"column":12},"end":{"line":50,"column":13}}]},"4":{"loc":{"start":{"line":45,"column":16},"end":{"line":45,"column":78}},"type":"binary-expr","locations":[{"start":{"line":45,"column":16},"end":{"line":45,"column":36}},{"start":{"line":45,"column":40},"end":{"line":45,"column":78}}]},"5":{"loc":{"start":{"line":47,"column":16},"end":{"line":49,"column":17}},"type":"if","locations":[{"start":{"line":47,"column":16},"end":{"line":49,"column":17}}]},"6":{"loc":{"start":{"line":53,"column":12},"end":{"line":58,"column":13}},"type":"if","locations":[{"start":{"line":53,"column":12},"end":{"line":58,"column":13}}]},"7":{"loc":{"start":{"line":53,"column":16},"end":{"line":53,"column":69}},"type":"binary-expr","locations":[{"start":{"line":53,"column":16},"end":{"line":53,"column":33}},{"start":{"line":53,"column":37},"end":{"line":53,"column":69}}]},"8":{"loc":{"start":{"line":55,"column":16},"end":{"line":57,"column":17}},"type":"if","locations":[{"start":{"line":55,"column":16},"end":{"line":57,"column":17}}]},"9":{"loc":{"start":{"line":61,"column":12},"end":{"line":63,"column":13}},"type":"if","locations":[{"start":{"line":61,"column":12},"end":{"line":63,"column":13}}]},"10":{"loc":{"start":{"line":73,"column":8},"end":{"line":76,"column":9}},"type":"if","locations":[{"start":{"line":73,"column":8},"end":{"line":76,"column":9}}]}},"s":{"0":1,"1":1,"2":0,"3":0,"4":0,"5":0,"6":0,"7":0,"8":0,"9":0,"10":0,"11":0,"12":0,"13":0,"14":0,"15":0,"16":0,"17":0,"18":0,"19":0,"20":0,"21":0,"22":0,"23":0,"24":0,"25":0,"26":0,"27":0,"28":0,"29":0,"30":0,"31":0,"32":0,"33":0,"34":0,"35":1},"f":{"0":0,"1":0,"2":0,"3":0,"4":0,"5":0},"b":{"0":[0],"1":[0],"2":[0],"3":[0],"4":[0,0],"5":[0],"6":[0],"7":[0,0],"8":[0],"9":[0],"10":[0]}}
}
